========================================
开始时间: Sun Apr 26 10:05:36 CST 2026
========================================
刷新 lark-cli token...
{
  "appId": "cli_a9418088f5b8dcb1",
  "brand": "feishu",
  "defaultAs": "auto",
  "expiresAt": "2026-04-25T12:04:17+08:00",
  "grantedAt": "2026-04-13T14:41:25+08:00",
  "identity": "user",
  "refreshExpiresAt": "2026-05-02T10:04:17+08:00",
  "scope": "auth:user.id:read base:app:copy base:app:create base:app:read base:app:update base:dashboard:create base:dashboard:delete base:dashboard:read base:dashboard:update base:field:create base:field:delete base:field:read base:field:update base:form:create base:form:delete base:form:read base:form:update base:record:create base:record:delete base:record:read base:record:update base:role:create base:role:delete base:role:read base:role:update base:table:create base:table:delete base:table:read base:table:update base:view:read base:view:write_only base:workflow:create base:workflow:read base:workflow:update board:whiteboard:node:create board:whiteboard:node:delete board:whiteboard:node:read calendar:calendar.event:create calendar:calendar.event:delete calendar:calendar.event:read calendar:calendar.event:update calendar:calendar.free_busy:read calendar:calendar:create calendar:calendar:delete calendar:calendar:read calendar:calendar:update contact:user.base:readonly contact:user.basic_profile:readonly contact:user:search docs:document.comment:create docs:document.comment:delete docs:document.comment:read docs:document.comment:update docs:document.comment:write_only docs:document.media:download docs:document.media:upload docs:document:copy docs:document:export docs:event:subscribe docs:permission.member:auth docs:permission.member:create docs:permission.member:transfer docx:document:create docx:document:readonly docx:document:write_only drive:drive.metadata:readonly drive:file:download drive:file:upload im:chat.members:read im:chat.members:write_only im:chat:read im:chat:update im:message.group_msg:get_as_user im:message.p2p_msg:get_as_user im:message.pins:read im:message.pins:write_only im:message.reactions:read im:message.reactions:write_only im:message:readonly mail:event mail:user_mailbox.mail_contact:read mail:user_mailbox.mail_contact:write mail:user_mailbox.message.address:read mail:user_mailbox.message.body:read mail:user_mailbox.message.subject:read mail:user_mailbox.message:modify mail:user_mailbox.message:readonly mail:user_mailbox:readonly search:message sheets:spreadsheet.meta:read sheets:spreadsheet.meta:write_only sheets:spreadsheet:create sheets:spreadsheet:read sheets:spreadsheet:write_only task:comment:write task:task:read task:task:write task:tasklist:read task:tasklist:write vc:meeting.meetingevent:read vc:meeting.search:read vc:note:read wiki:node:read offline_access",
  "tokenStatus": "needs_refresh",
  "userName": "易希倩 Queenie Yi",
  "userOpenId": "ou_cc38ac881bcf17d997f0cad7d9a9a621"
}
============================================================
🚀 开始执行每日工作汇总任务
⏰ 时间: 2026-04-26 10:05:37
============================================================

📥 步骤 1/5: 获取昨天的消息...
📅 获取消息时间范围：2026-04-25T00:00:00+08:00 到 2026-04-25T23:59:59+08:00
📦 获取第 1 页消息...
   ✓ 获取 50 条消息
📦 获取第 2 页消息...
   ✓ 获取 50 条消息
📦 获取第 3 页消息...
   ✓ 获取 15 条消息

✅ 总共获取 115 条消息

🔍 步骤 2/5: 过滤与你相关的消息...
   ✓ 过滤掉 92 条无关消息
   ✓ 保留 23 条相关消息

🔍 步骤 3/5: 分析消息...
   ✓ 分析完成

📝 步骤 4/5: 生成汇总报告...
   ✓ 报告生成完成

📤 步骤 5/5: 发送到飞书...
✅ 消息发送成功
   ✓ 详细数据已保存到: summary_20260426.json

============================================================
✅ 任务执行完成！
============================================================
结束时间: Sun Apr 26 10:05:47 CST 2026

