========================================
开始时间: Mon Apr 20 10:00:00 CST 2026
========================================
============================================================
🚀 开始执行每日工作汇总任务
⏰ 时间: 2026-04-20 10:00:00
============================================================

📥 步骤 1/5: 获取昨天的消息...
📅 今天是周一，获取周末消息（周五-周日）
📅 获取消息时间范围：2026-04-17T00:00:00+08:00 到 2026-04-19T23:59:59+08:00
📦 获取第 1 页消息...
命令执行失败: lark-cli im +messages-search --start "2026-04-17T00:00:00+08:00" --end "2026-04-19T23:59:59+08:00" --page-size 50 --as user --format json
错误: {
  "ok": false,
  "identity": "user",
  "error": {
    "type": "config",
    "message": "keychain entry not found: lark-cli/appsecret:cli_a9418088f5b8dcb1"
  }
}

❌ 获取失败

✅ 总共获取 0 条消息
⚠️  没有获取到消息，发送空报告
❌ 消息发送失败
   错误: {
  "ok": false,
  "identity": "bot",
  "error": {
    "type": "config",
    "message": "keychain entry not found: lark-cli/appsecret:cli_a9418088f5b8dcb1"
  }
}

结束时间: Mon Apr 20 10:00:01 CST 2026

