========================================
开始时间: 2026年 4月16日 星期四 10时30分59秒 CST
========================================
============================================================
🚀 开始执行每日工作汇总任务
⏰ 时间: 2026-04-16 10:30:59
============================================================

📥 步骤 1/5: 获取昨天的消息...
📅 获取消息时间范围：2026-04-15T00:00:00+08:00 到 2026-04-15T23:59:59+08:00
📦 获取第 1 页消息...
   ✓ 获取 50 条消息
📦 获取第 2 页消息...
   ✓ 获取 50 条消息
📦 获取第 3 页消息...
   ✓ 获取 50 条消息
📦 获取第 4 页消息...
   ✓ 获取 50 条消息
📦 获取第 5 页消息...
   ✓ 获取 50 条消息
📦 获取第 6 页消息...
   ✓ 获取 50 条消息
📦 获取第 7 页消息...
   ✓ 获取 50 条消息
📦 获取第 8 页消息...
   ✓ 获取 50 条消息
📦 获取第 9 页消息...
   ✓ 获取 50 条消息
📦 获取第 10 页消息...
   ✓ 获取 50 条消息
📦 获取第 11 页消息...
   ✓ 获取 45 条消息

✅ 总共获取 545 条消息

🔍 步骤 2/5: 过滤与你相关的消息...
   ✓ 过滤掉 239 条无关消息
   ✓ 保留 306 条相关消息

🔍 步骤 3/5: 分析消息...
   ✓ 分析完成

📝 步骤 4/5: 生成汇总报告...
   ✓ 报告生成完成

📤 步骤 5/5: 发送到飞书...
✅ 消息发送成功
   ✓ 详细数据已保存到: summary_20260416.json

============================================================
✅ 任务执行完成！
============================================================
结束时间: 2026年 4月16日 星期四 10时31分34秒 CST

